<?xml version="1.0" encoding="UTF-8"?>
<coverage generated="1694316197885" clover="3.2.0">
  <project timestamp="1694316197885" name="All files">
    <metrics statements="42" coveredstatements="42" conditionals="28" coveredconditionals="28" methods="11" coveredmethods="11" elements="81" coveredelements="81" complexity="0" loc="42" ncloc="42" packages="1" files="2" classes="2"/>
    <file name="FigureCalculator.js" path="/home/areef44/math-api/src/FigureCalculator.js">
      <metrics statements="16" coveredstatements="16" conditionals="4" coveredconditionals="4" methods="7" coveredmethods="7"/>
      <line num="3" count="13" type="stmt"/>
      <line num="7" count="29" type="cond" truecount="2" falsecount="0"/>
      <line num="8" count="13" type="stmt"/>
      <line num="11" count="16" type="stmt"/>
      <line num="12" count="21" type="cond" truecount="2" falsecount="0"/>
      <line num="13" count="12" type="stmt"/>
      <line num="17" count="4" type="stmt"/>
      <line num="22" count="7" type="stmt"/>
      <line num="24" count="1" type="stmt"/>
      <line num="29" count="7" type="stmt"/>
      <line num="31" count="1" type="stmt"/>
      <line num="36" count="8" type="stmt"/>
      <line num="38" count="1" type="stmt"/>
      <line num="42" count="7" type="stmt"/>
      <line num="44" count="1" type="stmt"/>
      <line num="48" count="1" type="stmt"/>
    </file>
    <file name="MathBasic.js" path="/home/areef44/math-api/src/MathBasic.js">
      <metrics statements="26" coveredstatements="26" conditionals="24" coveredconditionals="24" methods="4" coveredmethods="4"/>
      <line num="1" count="2" type="stmt"/>
      <line num="3" count="13" type="cond" truecount="2" falsecount="0"/>
      <line num="4" count="4" type="stmt"/>
      <line num="7" count="9" type="stmt"/>
      <line num="9" count="9" type="cond" truecount="4" falsecount="0"/>
      <line num="10" count="3" type="stmt"/>
      <line num="13" count="6" type="stmt"/>
      <line num="18" count="10" type="cond" truecount="2" falsecount="0"/>
      <line num="19" count="4" type="stmt"/>
      <line num="22" count="6" type="stmt"/>
      <line num="24" count="6" type="cond" truecount="4" falsecount="0"/>
      <line num="25" count="3" type="stmt"/>
      <line num="28" count="3" type="stmt"/>
      <line num="32" count="13" type="cond" truecount="2" falsecount="0"/>
      <line num="33" count="4" type="stmt"/>
      <line num="36" count="9" type="stmt"/>
      <line num="38" count="9" type="cond" truecount="4" falsecount="0"/>
      <line num="39" count="3" type="stmt"/>
      <line num="42" count="6" type="stmt"/>
      <line num="46" count="11" type="cond" truecount="2" falsecount="0"/>
      <line num="47" count="4" type="stmt"/>
      <line num="50" count="7" type="stmt"/>
      <line num="52" count="7" type="cond" truecount="4" falsecount="0"/>
      <line num="53" count="3" type="stmt"/>
      <line num="56" count="4" type="stmt"/>
      <line num="60" count="2" type="stmt"/>
    </file>
  </project>
</coverage>
