TN:
SF:src/FigureCalculator.js
FN:2,(anonymous_0)
FN:6,(anonymous_1)
FN:11,(anonymous_2)
FN:20,(anonymous_3)
FN:27,(anonymous_4)
FN:34,(anonymous_5)
FN:41,(anonymous_6)
FNF:7
FNH:7
FNDA:13,(anonymous_0)
FNDA:29,(anonymous_1)
FNDA:21,(anonymous_2)
FNDA:7,(anonymous_3)
FNDA:7,(anonymous_4)
FNDA:8,(anonymous_5)
FNDA:7,(anonymous_6)
DA:3,13
DA:7,29
DA:8,13
DA:11,16
DA:12,21
DA:13,12
DA:17,4
DA:22,7
DA:24,1
DA:29,7
DA:31,1
DA:36,8
DA:38,1
DA:42,7
DA:44,1
DA:48,1
LF:16
LH:16
BRDA:7,0,0,13
BRDA:7,0,1,16
BRDA:12,1,0,12
BRDA:12,1,1,9
BRF:4
BRH:4
end_of_record
TN:
SF:src/MathBasic.js
FN:2,(anonymous_0)
FN:17,(anonymous_1)
FN:31,(anonymous_2)
FN:45,(anonymous_3)
FNF:4
FNH:4
FNDA:13,(anonymous_0)
FNDA:10,(anonymous_1)
FNDA:13,(anonymous_2)
FNDA:11,(anonymous_3)
DA:1,2
DA:3,13
DA:4,4
DA:7,9
DA:9,9
DA:10,3
DA:13,6
DA:18,10
DA:19,4
DA:22,6
DA:24,6
DA:25,3
DA:28,3
DA:32,13
DA:33,4
DA:36,9
DA:38,9
DA:39,3
DA:42,6
DA:46,11
DA:47,4
DA:50,7
DA:52,7
DA:53,3
DA:56,4
DA:60,2
LF:26
LH:26
BRDA:3,0,0,4
BRDA:3,0,1,9
BRDA:9,1,0,3
BRDA:9,1,1,6
BRDA:9,2,0,9
BRDA:9,2,1,6
BRDA:18,3,0,4
BRDA:18,3,1,6
BRDA:24,4,0,3
BRDA:24,4,1,3
BRDA:24,5,0,6
BRDA:24,5,1,3
BRDA:32,6,0,4
BRDA:32,6,1,9
BRDA:38,7,0,3
BRDA:38,7,1,6
BRDA:38,8,0,9
BRDA:38,8,1,6
BRDA:46,9,0,4
BRDA:46,9,1,7
BRDA:52,10,0,3
BRDA:52,10,1,4
BRDA:52,11,0,7
BRDA:52,11,1,4
BRF:24
BRH:24
end_of_record
